<?xml version="1.0" encoding="UTF-8"?>
<!-- Generated by org.testng.reporters.JUnitReportReporter -->
<testsuite skipped="0" hostname="EN510723" name="samsara.TestAlgorithmsPage" tests="3" failures="0" timestamp="2020-04-23T15:03:41 CEST" time="36.709" errors="0">
  <testcase name="compareRandomTextAndPlainTextPositive" time="10.613" classname="samsara.TestAlgorithmsPage"/>
  <testcase name="compareRandomTextAndPlainTextPositive" time="12.639" classname="samsara.TestAlgorithmsPage"/>
  <testcase name="compareRandomTextAndPlainTextPositive" time="13.457" classname="samsara.TestAlgorithmsPage"/>
</testsuite> <!-- samsara.TestAlgorithmsPage -->
