<?xml version="1.0" encoding="UTF-8"?>
<!-- Generated by org.testng.reporters.JUnitReportReporter -->
<testsuite skipped="0" hostname="EN510723" name="samsara.webapicourse.WebApiAutomation" tests="3" failures="0" timestamp="2020-05-11T12:29:27 CEST" time="2.133" errors="0">
  <testcase name="searchResponseReturns200" time="0.569" classname="samsara.webapicourse.WebApiAutomation"/>
  <testcase name="rateLimitReturns200" time="1.145" classname="samsara.webapicourse.WebApiAutomation"/>
  <testcase name="getBaseUrlReturns200" time="0.419" classname="samsara.webapicourse.WebApiAutomation"/>
</testsuite> <!-- samsara.webapicourse.WebApiAutomation -->
