<?xml version="1.0" encoding="UTF-8"?>
<!-- Generated by org.testng.reporters.JUnitReportReporter -->
<testsuite skipped="0" hostname="EN510723" name="samsara.VerifyHomePageTest" tests="1" failures="0" timestamp="2020-04-27T11:18:35 CEST" time="35.510" errors="0">
  <testcase name="verifyHomePage" time="35.510" classname="samsara.VerifyHomePageTest"/>
</testsuite> <!-- samsara.VerifyHomePageTest -->
