<?xml version="1.0" encoding="UTF-8"?>
<!-- Generated by org.testng.reporters.JUnitReportReporter -->
<testsuite skipped="0" hostname="EN510723" name="samsara.webapi.ResponseHeaders" tests="4" failures="0" timestamp="2020-05-06T19:18:30 CEST" time="2.276" errors="0">
  <testcase name="serverIsGitHub" time="0.331" classname="samsara.webapi.ResponseHeaders"/>
  <testcase name="eTagIsPresent" time="0.458" classname="samsara.webapi.ResponseHeaders"/>
  <testcase name="xRateLimitIsSixty" time="0.452" classname="samsara.webapi.ResponseHeaders"/>
  <testcase name="contentTypeJson" time="1.035" classname="samsara.webapi.ResponseHeaders"/>
</testsuite> <!-- samsara.webapi.ResponseHeaders -->
