<?xml version="1.0" encoding="UTF-8"?>
<!-- Generated by org.testng.reporters.JUnitReportReporter -->
<testsuite skipped="0" hostname="EN510723" name="samsara.ContainsKeyTest" tests="2" failures="0" timestamp="2020-03-18T12:18:14 CET" time="4.410" errors="0">
  <testcase name="isTheKeyContaindeInPlaintext" time="2.830" classname="samsara.ContainsKeyTest"/>
  <system-out/>
  <testcase name="isTheKeyContaindeInPlaintext" time="1.580" classname="samsara.ContainsKeyTest"/>
  <system-out/>
</testsuite> <!-- samsara.ContainsKeyTest -->
