<?xml version="1.0" encoding="UTF-8"?>
<!-- Generated by org.testng.reporters.JUnitReportReporter -->
<testsuite skipped="0" hostname="EN510723" name="samsara.FindLettersDigitsInPlainTextTest" tests="3" failures="0" timestamp="2020-04-23T13:01:51 CEST" time="52.841" errors="0">
  <testcase name="testFactorial" time="17.486" classname="samsara.FindLettersDigitsInPlainTextTest"/>
  <testcase name="testFactorial" time="14.541" classname="samsara.FindLettersDigitsInPlainTextTest"/>
  <testcase name="testFactorial" time="20.814" classname="samsara.FindLettersDigitsInPlainTextTest"/>
</testsuite> <!-- samsara.FindLettersDigitsInPlainTextTest -->
