<?xml version="1.0" encoding="UTF-8"?>
<!-- Generated by org.testng.reporters.JUnitReportReporter -->
<testsuite skipped="0" hostname="EN510723" name="samsara.VigenereCodeTest" tests="3" failures="0" timestamp="2020-04-10T17:53:55 CEST" time="9.045" errors="0">
  <testcase name="testFactorial" time="2.886" classname="samsara.VigenereCodeTest"/>
  <system-out/>
  <testcase name="testFactorial" time="4.152" classname="samsara.VigenereCodeTest"/>
  <system-out/>
  <testcase name="testFactorial" time="2.007" classname="samsara.VigenereCodeTest"/>
  <system-out/>
</testsuite> <!-- samsara.VigenereCodeTest -->
