<?xml version="1.0" encoding="UTF-8"?>
<!-- Generated by org.testng.reporters.JUnitReportReporter -->
<testsuite skipped="0" hostname="EN510723" name="samsara.ReverseStringAndPalindromTest" tests="6" failures="0" timestamp="2020-04-23T14:44:08 CEST" time="69.279" errors="0">
  <testcase name="checkReversedRandomString" time="11.913" classname="samsara.ReverseStringAndPalindromTest"/>
  <testcase name="checkIfIsPalindrom" time="12.390" classname="samsara.ReverseStringAndPalindromTest"/>
  <testcase name="checkIfIsPalindrom" time="10.319" classname="samsara.ReverseStringAndPalindromTest"/>
  <testcase name="checkReversedRandomString" time="9.872" classname="samsara.ReverseStringAndPalindromTest"/>
  <testcase name="checkIfIsPalindrom" time="12.577" classname="samsara.ReverseStringAndPalindromTest"/>
  <testcase name="checkReversedRandomString" time="12.208" classname="samsara.ReverseStringAndPalindromTest"/>
</testsuite> <!-- samsara.ReverseStringAndPalindromTest -->
