<?xml version="1.0" encoding="UTF-8"?>
<!-- Generated by org.testng.reporters.JUnitReportReporter -->
<testsuite skipped="0" hostname="EN510723" name="samsara.webapi.BodyTestWithJackson" tests="3" failures="0" timestamp="2020-05-07T15:20:49 CEST" time="1.823" errors="0">
  <testcase name="notFoundMessageIsCorrect" time="0.940" classname="samsara.webapi.BodyTestWithJackson"/>
  <testcase name="returnsCorrectId" time="0.696" classname="samsara.webapi.BodyTestWithJackson"/>
  <testcase name="returnsCorrectLogin" time="0.187" classname="samsara.webapi.BodyTestWithJackson"/>
</testsuite> <!-- samsara.webapi.BodyTestWithJackson -->
