<?xml version="1.0" encoding="UTF-8"?>
<!-- Generated by org.testng.reporters.JUnitReportReporter -->
<testsuite skipped="0" hostname="EN510723" name="samsara.testImageAndTextOnResetPasswordPage" tests="1" failures="0" timestamp="2020-02-24T09:54:54 CET" time="47.313" errors="0">
  <testcase name="checkText" time="47.313" classname="samsara.testImageAndTextOnResetPasswordPage"/>
  <system-out/>
</testsuite> <!-- samsara.testImageAndTextOnResetPasswordPage -->
