<?xml version="1.0" encoding="UTF-8"?>
<!-- Generated by org.testng.reporters.JUnitReportReporter -->
<testsuite skipped="0" hostname="EN510723" name="samsara.WebApiAutomation" tests="3" failures="0" timestamp="2020-05-06T15:40:22 CEST" time="2.368" errors="0">
  <testcase name="rateLimitReturns200" time="1.484" classname="samsara.WebApiAutomation"/>
  <testcase name="getBaseUrlReturns200" time="0.681" classname="samsara.WebApiAutomation"/>
  <testcase name="searchResponseReturns200" time="0.203" classname="samsara.WebApiAutomation"/>
</testsuite> <!-- samsara.WebApiAutomation -->
