<?xml version="1.0" encoding="UTF-8"?>
<!-- Generated by org.testng.reporters.JUnitReportReporter -->
<testsuite skipped="0" hostname="EN510723" name="samsara.SearchKeyFieldTestNegative" tests="2" failures="0" timestamp="2020-04-10T17:51:12 CEST" time="4.895" errors="0">
  <testcase name="isTheKeyContaindeInPlaintext" time="2.732" classname="samsara.SearchKeyFieldTestNegative"/>
  <system-out/>
  <testcase name="isTheKeyContaindeInPlaintext" time="2.163" classname="samsara.SearchKeyFieldTestNegative"/>
  <system-out/>
</testsuite> <!-- samsara.SearchKeyFieldTestNegative -->
