<?xml version="1.0" encoding="UTF-8"?>
<!-- Generated by org.testng.reporters.JUnitReportReporter -->
<testsuite skipped="0" hostname="EN510723" name="samsara.TestLoginPage" tests="1" failures="0" timestamp="2020-02-13T11:29:53 CET" time="27.316" errors="0">
  <testcase name="testLogin" time="27.316" classname="samsara.TestLoginPage"/>
  <system-out/>
</testsuite> <!-- samsara.TestLoginPage -->
