<?xml version="1.0" encoding="UTF-8"?>
<!-- Generated by org.testng.reporters.JUnitReportReporter -->
<testsuite skipped="0" hostname="EN510723" name="samsara.webapicourse.Options204" tests="1" failures="0" timestamp="2020-05-11T15:29:57 CEST" time="1.111" errors="0">
  <testcase name="optionsReturnsCorrectMethodsList" time="1.111" classname="samsara.webapicourse.Options204"/>
</testsuite> <!-- samsara.webapicourse.Options204 -->
