<?xml version="1.0" encoding="UTF-8"?>
<!-- Generated by org.testng.reporters.JUnitReportReporter -->
<testsuite skipped="3" hostname="EN510723" name="samsara.VerifySearchByHeroUserNameDisplaysCorrectTable" tests="4" failures="0" timestamp="2020-05-06T11:19:59 CEST" time="21.201" errors="0">
  <testcase name="verifyAdminSearchUsersInHeroeTableShowsCorrectTable" time="21.201" classname="samsara.VerifySearchByHeroUserNameDisplaysCorrectTable"/>
  <testcase name="verifyAdminHeroSearchShowsCorrectTable" classname="samsara.VerifySearchByHeroUserNameDisplaysCorrectTable">
    <skipped/>
  </testcase> <!-- verifyAdminHeroSearchShowsCorrectTable -->
  <testcase name="verifyUserHeroSearchShowsCorrectTable" classname="samsara.VerifySearchByHeroUserNameDisplaysCorrectTable">
    <skipped/>
  </testcase> <!-- verifyUserHeroSearchShowsCorrectTable -->
  <testcase name="verifyAdminCanDeleteUser" classname="samsara.VerifySearchByHeroUserNameDisplaysCorrectTable">
    <skipped/>
  </testcase> <!-- verifyAdminCanDeleteUser -->
</testsuite> <!-- samsara.VerifySearchByHeroUserNameDisplaysCorrectTable -->
