<?xml version="1.0" encoding="UTF-8"?>
<!-- Generated by org.testng.reporters.JUnitReportReporter -->
<testsuite skipped="0" hostname="EN510723" name="samsara.ContainsLetterTestPossitive" tests="3" failures="0" timestamp="2020-04-23T14:22:35 CEST" time="35.782" errors="0">
  <testcase name="isTheKeyContaindeInPlaintext" time="10.894" classname="samsara.ContainsLetterTestPossitive"/>
  <testcase name="isTheKeyContaindeInPlaintext" time="12.337" classname="samsara.ContainsLetterTestPossitive"/>
  <testcase name="isTheKeyContaindeInPlaintext" time="12.551" classname="samsara.ContainsLetterTestPossitive"/>
</testsuite> <!-- samsara.ContainsLetterTestPossitive -->
