<?xml version="1.0" encoding="UTF-8"?>
<!-- Generated by org.testng.reporters.JUnitReportReporter -->
<testsuite skipped="0" hostname="EN510723" name="samsara.TestRegistratingNewAccount" tests="5" failures="0" timestamp="2020-02-18T16:29:01 CET" time="125.670" errors="0">
  <testcase name="testLoginPositiveCases" time="24.277" classname="samsara.TestRegistratingNewAccount"/>
  <system-out/>
  <testcase name="testLoginCodeWarningMessage" time="24.022" classname="samsara.TestRegistratingNewAccount"/>
  <system-out/>
  <testcase name="testLoginCodeWarningMessage" time="24.323" classname="samsara.TestRegistratingNewAccount"/>
  <system-out/>
  <testcase name="testLoginPositiveCases" time="26.515" classname="samsara.TestRegistratingNewAccount"/>
  <system-out/>
  <testcase name="testLoginCodeWarningMessage" time="26.533" classname="samsara.TestRegistratingNewAccount"/>
  <system-out/>
</testsuite> <!-- samsara.TestRegistratingNewAccount -->
