<?xml version="1.0" encoding="UTF-8"?>
<!-- Generated by org.testng.reporters.JUnitReportReporter -->
<testsuite skipped="0" hostname="EN510723" name="samsara.testImageAndTextOnResetPasswordPage" tests="1" failures="0" timestamp="2020-02-20T13:21:49 CET" time="28.803" errors="0">
  <testcase name="checkText" time="28.803" classname="samsara.testImageAndTextOnResetPasswordPage"/>
  <system-out/>
</testsuite> <!-- samsara.testImageAndTextOnResetPasswordPage -->
