<?xml version="1.0" encoding="UTF-8"?>
<!-- Generated by org.testng.reporters.JUnitReportReporter -->
<testsuite skipped="0" hostname="EN510723" name="samsara.VigenereCodeTest" tests="3" failures="0" timestamp="2020-04-24T20:03:21 CEST" time="36.506" errors="0">
  <testcase name="testFactorial" time="10.882" classname="samsara.VigenereCodeTest"/>
  <testcase name="testFactorial" time="13.007" classname="samsara.VigenereCodeTest"/>
  <testcase name="testFactorial" time="12.617" classname="samsara.VigenereCodeTest"/>
</testsuite> <!-- samsara.VigenereCodeTest -->
