<?xml version="1.0" encoding="UTF-8"?>
<!-- Generated by org.testng.reporters.JUnitReportReporter -->
<testsuite skipped="1" hostname="EN510723" name="samsara.VerifyAdminCanCreateEditDeleteUser" tests="4" failures="0" timestamp="2020-05-04T16:08:35 CEST" time="64.252" errors="0">
  <testcase name="verifyAdminCanCreateUser" time="19.431" classname="samsara.VerifyAdminCanCreateEditDeleteUser"/>
  <testcase name="verifyAdminCanEditUser" time="23.054" classname="samsara.VerifyAdminCanCreateEditDeleteUser"/>
  <testcase name="verifyAdminCanDeleteUser" time="21.767" classname="samsara.VerifyAdminCanCreateEditDeleteUser"/>
  <testcase name="verifyUserCanDeleteDoesntOwnHeroNegative" classname="samsara.VerifyAdminCanCreateEditDeleteUser">
    <skipped/>
  </testcase> <!-- verifyUserCanDeleteDoesntOwnHeroNegative -->
</testsuite> <!-- samsara.VerifyAdminCanCreateEditDeleteUser -->
