<?xml version="1.0" encoding="UTF-8"?>
<!-- Generated by org.testng.reporters.JUnitReportReporter -->
<testsuite skipped="0" hostname="EN510723" name="samsara.webapi.Get404" tests="1" failures="0" timestamp="2020-05-06T15:50:38 CEST" time="0.798" errors="0">
  <testcase name="nonExistingUrlReturns404" time="0.798" classname="samsara.webapi.Get404"/>
</testsuite> <!-- samsara.webapi.Get404 -->
