<?xml version="1.0" encoding="UTF-8"?>
<!-- Generated by org.testng.reporters.JUnitReportReporter -->
<testsuite skipped="0" hostname="EN510723" name="samsara.webapicourse.BodyTestWithJackson" tests="4" failures="0" timestamp="2020-05-08T12:27:07 CEST" time="1.684" errors="0">
  <testcase name="correctRateLimitsAreSet" time="0.894" classname="samsara.webapicourse.BodyTestWithJackson"/>
  <testcase name="notFoundMessageIsCorrect" time="0.307" classname="samsara.webapicourse.BodyTestWithJackson"/>
  <testcase name="returnsCorrectLogin" time="0.181" classname="samsara.webapicourse.BodyTestWithJackson"/>
  <testcase name="returnsCorrectId" time="0.302" classname="samsara.webapicourse.BodyTestWithJackson"/>
</testsuite> <!-- samsara.webapicourse.BodyTestWithJackson -->
