<?xml version="1.0" encoding="UTF-8"?>
<!-- Generated by org.testng.reporters.JUnitReportReporter -->
<testsuite skipped="0" hostname="EN510723" name="samsara.FindLettersDigitsInPlainTextTest" tests="3" failures="0" timestamp="2020-03-17T18:24:39 CET" time="6.779" errors="0">
  <testcase name="testFactorial" time="3.141" classname="samsara.FindLettersDigitsInPlainTextTest"/>
  <system-out/>
  <testcase name="testFactorial" time="2.317" classname="samsara.FindLettersDigitsInPlainTextTest"/>
  <system-out/>
  <testcase name="testFactorial" time="1.321" classname="samsara.FindLettersDigitsInPlainTextTest"/>
  <system-out/>
</testsuite> <!-- samsara.FindLettersDigitsInPlainTextTest -->
