<?xml version="1.0" encoding="UTF-8"?>
<!-- Generated by org.testng.reporters.JUnitReportReporter -->
<testsuite skipped="0" hostname="EN510723" name="samsara.webapi.BodyTestWithSimpleMap" tests="2" failures="0" timestamp="2020-05-07T12:21:24 CEST" time="1.198" errors="0">
  <testcase name="returnsCorrectLogin" time="0.229" classname="samsara.webapi.BodyTestWithSimpleMap"/>
  <testcase name="returnsCorrectId" time="0.969" classname="samsara.webapi.BodyTestWithSimpleMap"/>
</testsuite> <!-- samsara.webapi.BodyTestWithSimpleMap -->
