<?xml version="1.0" encoding="UTF-8"?>
<!-- Generated by org.testng.reporters.JUnitReportReporter -->
<testsuite skipped="0" hostname="EN510723" name="samsara.FactorialTest" tests="3" failures="0" timestamp="2020-03-13T11:13:40 CET" time="28.657" errors="0">
  <testcase name="testFactorial" time="13.400" classname="samsara.FactorialTest"/>
  <system-out/>
  <testcase name="testFactorial" time="8.819" classname="samsara.FactorialTest"/>
  <system-out/>
  <testcase name="testFactorial" time="6.438" classname="samsara.FactorialTest"/>
  <system-out/>
</testsuite> <!-- samsara.FactorialTest -->
