<?xml version="1.0" encoding="UTF-8"?>
<!-- Generated by org.testng.reporters.JUnitReportReporter -->
<testsuite skipped="0" hostname="EN510723" name="samsara.webapi.Get401" tests="3" failures="0" timestamp="2020-05-06T16:26:07 CEST" time="2.651" errors="0">
  <testcase name="userReturns401" time="1.467" classname="samsara.webapi.Get401"/>
  <testcase name="userReturns401" time="0.831" classname="samsara.webapi.Get401"/>
  <testcase name="userReturns401" time="0.353" classname="samsara.webapi.Get401"/>
</testsuite> <!-- samsara.webapi.Get401 -->
