<?xml version="1.0" encoding="UTF-8"?>
<!-- Generated by org.testng.reporters.JUnitReportReporter -->
<testsuite skipped="0" hostname="EN510723" name="samsara.ReverseStringAndPalindromTest" tests="2" failures="0" timestamp="2020-03-12T13:09:04 CET" time="4.388" errors="0">
  <testcase name="checkReversedRandomString" time="2.652" classname="samsara.ReverseStringAndPalindromTest"/>
  <system-out/>
  <testcase name="checkIfIsPalindron" time="1.736" classname="samsara.ReverseStringAndPalindromTest"/>
  <system-out/>
</testsuite> <!-- samsara.ReverseStringAndPalindromTest -->
