<?xml version="1.0" encoding="UTF-8"?>
<!-- Generated by org.testng.reporters.JUnitReportReporter -->
<testsuite skipped="0" hostname="EN510723" name="samsara.ContainsLetterTest" tests="3" failures="0" timestamp="2020-03-18T09:27:52 CET" time="7.678" errors="0">
  <testcase name="isTheKeyContaindeInPlaintext" time="1.798" classname="samsara.ContainsLetterTest"/>
  <system-out/>
  <testcase name="isTheKeyContaindeInPlaintext" time="3.747" classname="samsara.ContainsLetterTest"/>
  <system-out/>
  <testcase name="isTheKeyContaindeInPlaintext" time="2.133" classname="samsara.ContainsLetterTest"/>
  <system-out/>
</testsuite> <!-- samsara.ContainsLetterTest -->
